Current Dir: /home/inextrix/Documents/VoxMarket/backend/dist
Resolving i18n Path: /home/inextrix/Documents/VoxMarket/backend/src/i18n
[32m[Nest] 12040  - [39m12/29/2025, 10:19:36 AM [32m    LOG[39m [38;5;3m[NestFactory] [39m[32mStarting Nest application...[39m
[32m[Nest] 12040  - [39m12/29/2025, 10:19:36 AM [32m    LOG[39m [38;5;3m[InstanceLoader] [39m[32mMongooseModule dependencies initialized[39m[38;5;3m +46ms[39m
[32m[Nest] 12040  - [39m12/29/2025, 10:19:36 AM [32m    LOG[39m [38;5;3m[InstanceLoader] [39m[32mPassportModule dependencies initialized[39m[38;5;3m +0ms[39m
[32m[Nest] 12040  - [39m12/29/2025, 10:19:36 AM [32m    LOG[39m [38;5;3m[InstanceLoader] [39m[32mMailerModule dependencies initialized[39m[38;5;3m +0ms[39m
[32m[Nest] 12040  - [39m12/29/2025, 10:19:36 AM [32m    LOG[39m [38;5;3m[InstanceLoader] [39m[32mCoBrowsingModule dependencies initialized[39m[38;5;3m +1ms[39m
[32m[Nest] 12040  - [39m12/29/2025, 10:19:36 AM [32m    LOG[39m [38;5;3m[InstanceLoader] [39m[32mJwtModule dependencies initialized[39m[38;5;3m +5ms[39m
[32m[Nest] 12040  - [39m12/29/2025, 10:19:36 AM [32m    LOG[39m [38;5;3m[InstanceLoader] [39m[32mConfigHostModule dependencies initialized[39m[38;5;3m +0ms[39m
[32m[Nest] 12040  - [39m12/29/2025, 10:19:36 AM [32m    LOG[39m [38;5;3m[InstanceLoader] [39m[32mJwtModule dependencies initialized[39m[38;5;3m +1ms[39m
[32m[Nest] 12040  - [39m12/29/2025, 10:19:36 AM [32m    LOG[39m [38;5;3m[InstanceLoader] [39m[32mAppModule dependencies initialized[39m[38;5;3m +0ms[39m
[32m[Nest] 12040  - [39m12/29/2025, 10:19:36 AM [32m    LOG[39m [38;5;3m[InstanceLoader] [39m[32mDiscoveryModule dependencies initialized[39m[38;5;3m +0ms[39m
[MailModule] 📨 Using Configured SMTP: 21ce07naman@gmail.com
[32m[Nest] 12040  - [39m12/29/2025, 10:19:36 AM [32m    LOG[39m [38;5;3m[InstanceLoader] [39m[32mConfigModule dependencies initialized[39m[38;5;3m +6ms[39m
[32m[Nest] 12040  - [39m12/29/2025, 10:19:36 AM [32m    LOG[39m [38;5;3m[InstanceLoader] [39m[32mConfigModule dependencies initialized[39m[38;5;3m +0ms[39m
[32m[Nest] 12040  - [39m12/29/2025, 10:19:36 AM [32m    LOG[39m [38;5;3m[InstanceLoader] [39m[32mServeStaticModule dependencies initialized[39m[38;5;3m +0ms[39m
[32m[Nest] 12040  - [39m12/29/2025, 10:19:36 AM [32m    LOG[39m [38;5;3m[InstanceLoader] [39m[32mEventEmitterModule dependencies initialized[39m[38;5;3m +1ms[39m
[32m[Nest] 12040  - [39m12/29/2025, 10:19:36 AM [32m    LOG[39m [38;5;3m[InstanceLoader] [39m[32mEventEmitterModule dependencies initialized[39m[38;5;3m +0ms[39m
[32m[Nest] 12040  - [39m12/29/2025, 10:19:36 AM [32m    LOG[39m [38;5;3m[InstanceLoader] [39m[32mMulterModule dependencies initialized[39m[38;5;3m +294ms[39m
[32m[Nest] 12040  - [39m12/29/2025, 10:19:36 AM [32m    LOG[39m [38;5;3m[InstanceLoader] [39m[32mMailerCoreModule dependencies initialized[39m[38;5;3m +1ms[39m
[32m[Nest] 12040  - [39m12/29/2025, 10:19:36 AM [32m    LOG[39m [38;5;3m[InstanceLoader] [39m[32mMailModule dependencies initialized[39m[38;5;3m +0ms[39m
[32m[Nest] 12040  - [39m12/29/2025, 10:19:36 AM [32m    LOG[39m [38;5;3m[InstanceLoader] [39m[32mFilesModule dependencies initialized[39m[38;5;3m +1ms[39m
[32m[Nest] 12040  - [39m12/29/2025, 10:19:36 AM [32m    LOG[39m [38;5;3m[InstanceLoader] [39m[32mUploadModule dependencies initialized[39m[38;5;3m +0ms[39m
[32m[Nest] 12040  - [39m12/29/2025, 10:19:36 AM [32m    LOG[39m [38;5;3m[InstanceLoader] [39m[32mI18nModule dependencies initialized[39m[38;5;3m +49ms[39m
[32m[Nest] 12040  - [39m12/29/2025, 10:19:39 AM [32m    LOG[39m [38;5;3m[InstanceLoader] [39m[32mMongooseCoreModule dependencies initialized[39m[38;5;3m +2887ms[39m
[33m[Nest] 12040  - [39m12/29/2025, 10:19:39 AM [33m   WARN[39m [38;5;3m[SocialProofService] [39m[33mREDIS_HOST not defined. Social Proof Service running in memory-only mode.[39m
[32m[Nest] 12040  - [39m12/29/2025, 10:19:39 AM [32m    LOG[39m [38;5;3m[InstanceLoader] [39m[32mMongooseModule dependencies initialized[39m[38;5;3m +0ms[39m
[32m[Nest] 12040  - [39m12/29/2025, 10:19:39 AM [32m    LOG[39m [38;5;3m[InstanceLoader] [39m[32mMongooseModule dependencies initialized[39m[38;5;3m +0ms[39m
[32m[Nest] 12040  - [39m12/29/2025, 10:19:39 AM [32m    LOG[39m [38;5;3m[InstanceLoader] [39m[32mMongooseModule dependencies initialized[39m[38;5;3m +0ms[39m
[32m[Nest] 12040  - [39m12/29/2025, 10:19:39 AM [32m    LOG[39m [38;5;3m[InstanceLoader] [39m[32mMongooseModule dependencies initialized[39m[38;5;3m +0ms[39m
[32m[Nest] 12040  - [39m12/29/2025, 10:19:39 AM [32m    LOG[39m [38;5;3m[InstanceLoader] [39m[32mMongooseModule dependencies initialized[39m[38;5;3m +0ms[39m
[32m[Nest] 12040  - [39m12/29/2025, 10:19:39 AM [32m    LOG[39m [38;5;3m[InstanceLoader] [39m[32mMongooseModule dependencies initialized[39m[38;5;3m +0ms[39m
[32m[Nest] 12040  - [39m12/29/2025, 10:19:39 AM [32m    LOG[39m [38;5;3m[InstanceLoader] [39m[32mMongooseModule dependencies initialized[39m[38;5;3m +1ms[39m
[32m[Nest] 12040  - [39m12/29/2025, 10:19:39 AM [32m    LOG[39m [38;5;3m[InstanceLoader] [39m[32mMongooseModule dependencies initialized[39m[38;5;3m +0ms[39m
[32m[Nest] 12040  - [39m12/29/2025, 10:19:39 AM [32m    LOG[39m [38;5;3m[InstanceLoader] [39m[32mMongooseModule dependencies initialized[39m[38;5;3m +0ms[39m
[32m[Nest] 12040  - [39m12/29/2025, 10:19:39 AM [32m    LOG[39m [38;5;3m[InstanceLoader] [39m[32mMongooseModule dependencies initialized[39m[38;5;3m +0ms[39m
[32m[Nest] 12040  - [39m12/29/2025, 10:19:39 AM [32m    LOG[39m [38;5;3m[InstanceLoader] [39m[32mMongooseModule dependencies initialized[39m[38;5;3m +0ms[39m
[32m[Nest] 12040  - [39m12/29/2025, 10:19:39 AM [32m    LOG[39m [38;5;3m[InstanceLoader] [39m[32mMongooseModule dependencies initialized[39m[38;5;3m +0ms[39m
[32m[Nest] 12040  - [39m12/29/2025, 10:19:39 AM [32m    LOG[39m [38;5;3m[InstanceLoader] [39m[32mMongooseModule dependencies initialized[39m[38;5;3m +0ms[39m
[32m[Nest] 12040  - [39m12/29/2025, 10:19:39 AM [32m    LOG[39m [38;5;3m[InstanceLoader] [39m[32mMongooseModule dependencies initialized[39m[38;5;3m +0ms[39m
[32m[Nest] 12040  - [39m12/29/2025, 10:19:39 AM [32m    LOG[39m [38;5;3m[InstanceLoader] [39m[32mMongooseModule dependencies initialized[39m[38;5;3m +0ms[39m
[32m[Nest] 12040  - [39m12/29/2025, 10:19:39 AM [32m    LOG[39m [38;5;3m[InstanceLoader] [39m[32mMongooseModule dependencies initialized[39m[38;5;3m +0ms[39m
[32m[Nest] 12040  - [39m12/29/2025, 10:19:39 AM [32m    LOG[39m [38;5;3m[InstanceLoader] [39m[32mMongooseModule dependencies initialized[39m[38;5;3m +0ms[39m
[32m[Nest] 12040  - [39m12/29/2025, 10:19:39 AM [32m    LOG[39m [38;5;3m[InstanceLoader] [39m[32mMongooseModule dependencies initialized[39m[38;5;3m +0ms[39m
[32m[Nest] 12040  - [39m12/29/2025, 10:19:39 AM [32m    LOG[39m [38;5;3m[InstanceLoader] [39m[32mMongooseModule dependencies initialized[39m[38;5;3m +0ms[39m
[32m[Nest] 12040  - [39m12/29/2025, 10:19:39 AM [32m    LOG[39m [38;5;3m[InstanceLoader] [39m[32mSocialProofModule dependencies initialized[39m[38;5;3m +1ms[39m
[32m[Nest] 12040  - [39m12/29/2025, 10:19:39 AM [32m    LOG[39m [38;5;3m[InstanceLoader] [39m[32mRecommendationsModule dependencies initialized[39m[38;5;3m +1ms[39m
[32m[Nest] 12040  - [39m12/29/2025, 10:19:39 AM [32m    LOG[39m [38;5;3m[InstanceLoader] [39m[32mUserActivityModule dependencies initialized[39m[38;5;3m +3ms[39m
[32m[Nest] 12040  - [39m12/29/2025, 10:19:39 AM [32m    LOG[39m [38;5;3m[InstanceLoader] [39m[32mAnalyticsModule dependencies initialized[39m[38;5;3m +0ms[39m
[32m[Nest] 12040  - [39m12/29/2025, 10:19:39 AM [32m    LOG[39m [38;5;3m[InstanceLoader] [39m[32mCategoriesModule dependencies initialized[39m[38;5;3m +0ms[39m
[32m[Nest] 12040  - [39m12/29/2025, 10:19:39 AM [32m    LOG[39m [38;5;3m[InstanceLoader] [39m[32mCartModule dependencies initialized[39m[38;5;3m +0ms[39m
[32m[Nest] 12040  - [39m12/29/2025, 10:19:39 AM [32m    LOG[39m [38;5;3m[InstanceLoader] [39m[32mAddressModule dependencies initialized[39m[38;5;3m +0ms[39m
[32m[Nest] 12040  - [39m12/29/2025, 10:19:39 AM [32m    LOG[39m [38;5;3m[InstanceLoader] [39m[32mReviewsModule dependencies initialized[39m[38;5;3m +0ms[39m
[32m[Nest] 12040  - [39m12/29/2025, 10:19:39 AM [32m    LOG[39m [38;5;3m[InstanceLoader] [39m[32mQuestionsModule dependencies initialized[39m[38;5;3m +0ms[39m
[32m[Nest] 12040  - [39m12/29/2025, 10:19:39 AM [32m    LOG[39m [38;5;3m[InstanceLoader] [39m[32mNotificationsModule dependencies initialized[39m[38;5;3m +0ms[39m
[32m[Nest] 12040  - [39m12/29/2025, 10:19:39 AM [32m    LOG[39m [38;5;3m[InstanceLoader] [39m[32mProductsModule dependencies initialized[39m[38;5;3m +0ms[39m
[32m[Nest] 12040  - [39m12/29/2025, 10:19:39 AM [32m    LOG[39m [38;5;3m[InstanceLoader] [39m[32mPaymentsModule dependencies initialized[39m[38;5;3m +0ms[39m
[32m[Nest] 12040  - [39m12/29/2025, 10:19:39 AM [32m    LOG[39m [38;5;3m[InstanceLoader] [39m[32mLoyaltyModule dependencies initialized[39m[38;5;3m +1ms[39m
[32m[Nest] 12040  - [39m12/29/2025, 10:19:39 AM [32m    LOG[39m [38;5;3m[InstanceLoader] [39m[32mWishlistModule dependencies initialized[39m[38;5;3m +0ms[39m
[32m[Nest] 12040  - [39m12/29/2025, 10:19:39 AM [32m    LOG[39m [38;5;3m[InstanceLoader] [39m[32mAdminModule dependencies initialized[39m[38;5;3m +0ms[39m
[32m[Nest] 12040  - [39m12/29/2025, 10:19:39 AM [32m    LOG[39m [38;5;3m[InstanceLoader] [39m[32mUsersModule dependencies initialized[39m[38;5;3m +0ms[39m
[32m[Nest] 12040  - [39m12/29/2025, 10:19:39 AM [32m    LOG[39m [38;5;3m[InstanceLoader] [39m[32mCouponsModule dependencies initialized[39m[38;5;3m +0ms[39m
[32m[Nest] 12040  - [39m12/29/2025, 10:19:39 AM [32m    LOG[39m [38;5;3m[InstanceLoader] [39m[32mGamificationModule dependencies initialized[39m[38;5;3m +0ms[39m
[32m[Nest] 12040  - [39m12/29/2025, 10:19:39 AM [32m    LOG[39m [38;5;3m[InstanceLoader] [39m[32mOrdersModule dependencies initialized[39m[38;5;3m +1ms[39m
[32m[Nest] 12040  - [39m12/29/2025, 10:19:39 AM [32m    LOG[39m [38;5;3m[InstanceLoader] [39m[32mChatbotModule dependencies initialized[39m[38;5;3m +0ms[39m
[32m[Nest] 12040  - [39m12/29/2025, 10:19:39 AM [32m    LOG[39m [38;5;3m[InstanceLoader] [39m[32mAuthModule dependencies initialized[39m[38;5;3m +0ms[39m
[32m[Nest] 12040  - [39m12/29/2025, 10:19:39 AM [32m    LOG[39m [38;5;3m[WebSocketsController] [39m[32mNotificationGateway subscribed to the "join" message[39m[38;5;3m +9ms[39m
[32m[Nest] 12040  - [39m12/29/2025, 10:19:39 AM [32m    LOG[39m [38;5;3m[WebSocketsController] [39m[32mSocialProofGateway subscribed to the "join_product" message[39m[38;5;3m +1ms[39m
[32m[Nest] 12040  - [39m12/29/2025, 10:19:39 AM [32m    LOG[39m [38;5;3m[WebSocketsController] [39m[32mSocialProofGateway subscribed to the "leave_product" message[39m[38;5;3m +0ms[39m
[32m[Nest] 12040  - [39m12/29/2025, 10:19:39 AM [32m    LOG[39m [38;5;3m[WebSocketsController] [39m[32mCoBrowsingGateway subscribed to the "create_session" message[39m[38;5;3m +1ms[39m
[32m[Nest] 12040  - [39m12/29/2025, 10:19:39 AM [32m    LOG[39m [38;5;3m[WebSocketsController] [39m[32mCoBrowsingGateway subscribed to the "join_session" message[39m[38;5;3m +0ms[39m
[32m[Nest] 12040  - [39m12/29/2025, 10:19:39 AM [32m    LOG[39m [38;5;3m[WebSocketsController] [39m[32mCoBrowsingGateway subscribed to the "rejoin_session" message[39m[38;5;3m +0ms[39m
[32m[Nest] 12040  - [39m12/29/2025, 10:19:39 AM [32m    LOG[39m [38;5;3m[WebSocketsController] [39m[32mCoBrowsingGateway subscribed to the "cursor_move" message[39m[38;5;3m +0ms[39m
[32m[Nest] 12040  - [39m12/29/2025, 10:19:39 AM [32m    LOG[39m [38;5;3m[WebSocketsController] [39m[32mCoBrowsingGateway subscribed to the "navigate" message[39m[38;5;3m +0ms[39m
[32m[Nest] 12040  - [39m12/29/2025, 10:19:39 AM [32m    LOG[39m [38;5;3m[WebSocketsController] [39m[32mCoBrowsingGateway subscribed to the "sync_action" message[39m[38;5;3m +0ms[39m
[32m[Nest] 12040  - [39m12/29/2025, 10:19:39 AM [32m    LOG[39m [38;5;3m[WebSocketsController] [39m[32mCoBrowsingGateway subscribed to the "reaction" message[39m[38;5;3m +0ms[39m
[32m[Nest] 12040  - [39m12/29/2025, 10:19:39 AM [32m    LOG[39m [38;5;3m[RoutesResolver] [39m[32mAppController {/}:[39m[38;5;3m +4ms[39m
[32m[Nest] 12040  - [39m12/29/2025, 10:19:39 AM [32m    LOG[39m [38;5;3m[RouterExplorer] [39m[32mMapped {/, GET} route[39m[38;5;3m +2ms[39m
[32m[Nest] 12040  - [39m12/29/2025, 10:19:39 AM [32m    LOG[39m [38;5;3m[RouterExplorer] [39m[32mMapped {/version, GET} route[39m[38;5;3m +0ms[39m
[32m[Nest] 12040  - [39m12/29/2025, 10:19:39 AM [32m    LOG[39m [38;5;3m[RoutesResolver] [39m[32mLoyaltyController {/loyalty}:[39m[38;5;3m +0ms[39m
[32m[Nest] 12040  - [39m12/29/2025, 10:19:39 AM [32m    LOG[39m [38;5;3m[RouterExplorer] [39m[32mMapped {/loyalty/status, GET} route[39m[38;5;3m +0ms[39m
[32m[Nest] 12040  - [39m12/29/2025, 10:19:39 AM [32m    LOG[39m [38;5;3m[RouterExplorer] [39m[32mMapped {/loyalty/redeem/:couponId, POST} route[39m[38;5;3m +1ms[39m
[32m[Nest] 12040  - [39m12/29/2025, 10:19:39 AM [32m    LOG[39m [38;5;3m[RoutesResolver] [39m[32mNotificationsController {/notifications}:[39m[38;5;3m +0ms[39m
[32m[Nest] 12040  - [39m12/29/2025, 10:19:39 AM [32m    LOG[39m [38;5;3m[RouterExplorer] [39m[32mMapped {/notifications, GET} route[39m[38;5;3m +0ms[39m
[32m[Nest] 12040  - [39m12/29/2025, 10:19:39 AM [32m    LOG[39m [38;5;3m[RouterExplorer] [39m[32mMapped {/notifications/test, POST} route[39m[38;5;3m +1ms[39m
[32m[Nest] 12040  - [39m12/29/2025, 10:19:39 AM [32m    LOG[39m [38;5;3m[RouterExplorer] [39m[32mMapped {/notifications/:id/read, PATCH} route[39m[38;5;3m +0ms[39m
[32m[Nest] 12040  - [39m12/29/2025, 10:19:39 AM [32m    LOG[39m [38;5;3m[RouterExplorer] [39m[32mMapped {/notifications/read-all, PATCH} route[39m[38;5;3m +0ms[39m
[32m[Nest] 12040  - [39m12/29/2025, 10:19:39 AM [32m    LOG[39m [38;5;3m[RoutesResolver] [39m[32mAuthController {/auth}:[39m[38;5;3m +0ms[39m
[32m[Nest] 12040  - [39m12/29/2025, 10:19:39 AM [32m    LOG[39m [38;5;3m[RouterExplorer] [39m[32mMapped {/auth/register, POST} route[39m[38;5;3m +1ms[39m
[32m[Nest] 12040  - [39m12/29/2025, 10:19:39 AM [32m    LOG[39m [38;5;3m[RouterExplorer] [39m[32mMapped {/auth/login, POST} route[39m[38;5;3m +0ms[39m
[32m[Nest] 12040  - [39m12/29/2025, 10:19:39 AM [32m    LOG[39m [38;5;3m[RouterExplorer] [39m[32mMapped {/auth/logout, POST} route[39m[38;5;3m +0ms[39m
[32m[Nest] 12040  - [39m12/29/2025, 10:19:39 AM [32m    LOG[39m [38;5;3m[RouterExplorer] [39m[32mMapped {/auth/forgot-password, POST} route[39m[38;5;3m +1ms[39m
[32m[Nest] 12040  - [39m12/29/2025, 10:19:39 AM [32m    LOG[39m [38;5;3m[RouterExplorer] [39m[32mMapped {/auth/verify-otp, POST} route[39m[38;5;3m +0ms[39m
[32m[Nest] 12040  - [39m12/29/2025, 10:19:39 AM [32m    LOG[39m [38;5;3m[RouterExplorer] [39m[32mMapped {/auth/reset-password, POST} route[39m[38;5;3m +0ms[39m
[32m[Nest] 12040  - [39m12/29/2025, 10:19:39 AM [32m    LOG[39m [38;5;3m[RouterExplorer] [39m[32mMapped {/auth/profile, GET} route[39m[38;5;3m +0ms[39m
[32m[Nest] 12040  - [39m12/29/2025, 10:19:39 AM [32m    LOG[39m [38;5;3m[RoutesResolver] [39m[32mTwoFactorAuthenticationController {/auth/2fa}:[39m[38;5;3m +0ms[39m
[32m[Nest] 12040  - [39m12/29/2025, 10:19:39 AM [32m    LOG[39m [38;5;3m[RouterExplorer] [39m[32mMapped {/auth/2fa/generate, POST} route[39m[38;5;3m +0ms[39m
[32m[Nest] 12040  - [39m12/29/2025, 10:19:39 AM [32m    LOG[39m [38;5;3m[RouterExplorer] [39m[32mMapped {/auth/2fa/turn-on, POST} route[39m[38;5;3m +1ms[39m
[32m[Nest] 12040  - [39m12/29/2025, 10:19:39 AM [32m    LOG[39m [38;5;3m[RouterExplorer] [39m[32mMapped {/auth/2fa/turn-off, POST} route[39m[38;5;3m +0ms[39m
[32m[Nest] 12040  - [39m12/29/2025, 10:19:39 AM [32m    LOG[39m [38;5;3m[RoutesResolver] [39m[32mUsersController {/users}:[39m[38;5;3m +0ms[39m
[32m[Nest] 12040  - [39m12/29/2025, 10:19:39 AM [32m    LOG[39m [38;5;3m[RouterExplorer] [39m[32mMapped {/users, GET} route[39m[38;5;3m +0ms[39m
[32m[Nest] 12040  - [39m12/29/2025, 10:19:39 AM [32m    LOG[39m [38;5;3m[RouterExplorer] [39m[32mMapped {/users/:id, GET} route[39m[38;5;3m +0ms[39m
[32m[Nest] 12040  - [39m12/29/2025, 10:19:39 AM [32m    LOG[39m [38;5;3m[RouterExplorer] [39m[32mMapped {/users/:id, PATCH} route[39m[38;5;3m +1ms[39m
[32m[Nest] 12040  - [39m12/29/2025, 10:19:39 AM [32m    LOG[39m [38;5;3m[RouterExplorer] [39m[32mMapped {/users/:id/delete, POST} route[39m[38;5;3m +0ms[39m
[32m[Nest] 12040  - [39m12/29/2025, 10:19:39 AM [32m    LOG[39m [38;5;3m[RouterExplorer] [39m[32mMapped {/users/:id/avatar, POST} route[39m[38;5;3m +0ms[39m
[32m[Nest] 12040  - [39m12/29/2025, 10:19:39 AM [32m    LOG[39m [38;5;3m[RouterExplorer] [39m[32mMapped {/users/:id, DELETE} route[39m[38;5;3m +0ms[39m
[32m[Nest] 12040  - [39m12/29/2025, 10:19:39 AM [32m    LOG[39m [38;5;3m[RoutesResolver] [39m[32mFilesController {/upload}:[39m[38;5;3m +0ms[39m
[32m[Nest] 12040  - [39m12/29/2025, 10:19:39 AM [32m    LOG[39m [38;5;3m[RouterExplorer] [39m[32mMapped {/upload/image, POST} route[39m[38;5;3m +0ms[39m
[32m[Nest] 12040  - [39m12/29/2025, 10:19:39 AM [32m    LOG[39m [38;5;3m[RoutesResolver] [39m[32mUserActivityController {/user-activity}:[39m[38;5;3m +1ms[39m
[32m[Nest] 12040  - [39m12/29/2025, 10:19:39 AM [32m    LOG[39m [38;5;3m[RouterExplorer] [39m[32mMapped {/user-activity/me, GET} route[39m[38;5;3m +0ms[39m
[32m[Nest] 12040  - [39m12/29/2025, 10:19:39 AM [32m    LOG[39m [38;5;3m[RouterExplorer] [39m[32mMapped {/user-activity/user/:userId, GET} route[39m[38;5;3m +0ms[39m
[32m[Nest] 12040  - [39m12/29/2025, 10:19:39 AM [32m    LOG[39m [38;5;3m[RoutesResolver] [39m[32mCategoriesController {/categories}:[39m[38;5;3m +0ms[39m
[32m[Nest] 12040  - [39m12/29/2025, 10:19:39 AM [32m    LOG[39m [38;5;3m[RouterExplorer] [39m[32mMapped {/categories, GET} route[39m[38;5;3m +0ms[39m
[32m[Nest] 12040  - [39m12/29/2025, 10:19:39 AM [32m    LOG[39m [38;5;3m[RouterExplorer] [39m[32mMapped {/categories, POST} route[39m[38;5;3m +0ms[39m
[32m[Nest] 12040  - [39m12/29/2025, 10:19:39 AM [32m    LOG[39m [38;5;3m[RouterExplorer] [39m[32mMapped {/categories/:id, PATCH} route[39m[38;5;3m +0ms[39m
[32m[Nest] 12040  - [39m12/29/2025, 10:19:39 AM [32m    LOG[39m [38;5;3m[RouterExplorer] [39m[32mMapped {/categories/:id, DELETE} route[39m[38;5;3m +0ms[39m
[32m[Nest] 12040  - [39m12/29/2025, 10:19:39 AM [32m    LOG[39m [38;5;3m[RoutesResolver] [39m[32mProductsController {/products}:[39m[38;5;3m +1ms[39m
[32m[Nest] 12040  - [39m12/29/2025, 10:19:39 AM [32m    LOG[39m [38;5;3m[RouterExplorer] [39m[32mMapped {/products, GET} route[39m[38;5;3m +0ms[39m
[32m[Nest] 12040  - [39m12/29/2025, 10:19:39 AM [32m    LOG[39m [38;5;3m[RouterExplorer] [39m[32mMapped {/products/featured, GET} route[39m[38;5;3m +0ms[39m
[32m[Nest] 12040  - [39m12/29/2025, 10:19:39 AM [32m    LOG[39m [38;5;3m[RouterExplorer] [39m[32mMapped {/products/:id, GET} route[39m[38;5;3m +0ms[39m
[32m[Nest] 12040  - [39m12/29/2025, 10:19:39 AM [32m    LOG[39m [38;5;3m[RouterExplorer] [39m[32mMapped {/products/:id/related, GET} route[39m[38;5;3m +0ms[39m
[32m[Nest] 12040  - [39m12/29/2025, 10:19:39 AM [32m    LOG[39m [38;5;3m[RouterExplorer] [39m[32mMapped {/products, POST} route[39m[38;5;3m +0ms[39m
[32m[Nest] 12040  - [39m12/29/2025, 10:19:39 AM [32m    LOG[39m [38;5;3m[RouterExplorer] [39m[32mMapped {/products/:id, PATCH} route[39m[38;5;3m +0ms[39m
[32m[Nest] 12040  - [39m12/29/2025, 10:19:39 AM [32m    LOG[39m [38;5;3m[RouterExplorer] [39m[32mMapped {/products/:id, DELETE} route[39m[38;5;3m +0ms[39m
[32m[Nest] 12040  - [39m12/29/2025, 10:19:39 AM [32m    LOG[39m [38;5;3m[RoutesResolver] [39m[32mUploadController {/upload}:[39m[38;5;3m +0ms[39m
[32m[Nest] 12040  - [39m12/29/2025, 10:19:39 AM [32m    LOG[39m [38;5;3m[RouterExplorer] [39m[32mMapped {/upload/product-image, POST} route[39m[38;5;3m +1ms[39m
[32m[Nest] 12040  - [39m12/29/2025, 10:19:39 AM [32m    LOG[39m [38;5;3m[RouterExplorer] [39m[32mMapped {/upload/product-images, POST} route[39m[38;5;3m +0ms[39m
[32m[Nest] 12040  - [39m12/29/2025, 10:19:39 AM [32m    LOG[39m [38;5;3m[RouterExplorer] [39m[32mMapped {/upload/product-images, DELETE} route[39m[38;5;3m +0ms[39m
[32m[Nest] 12040  - [39m12/29/2025, 10:19:39 AM [32m    LOG[39m [38;5;3m[RoutesResolver] [39m[32mCartController {/cart}:[39m[38;5;3m +0ms[39m
[32m[Nest] 12040  - [39m12/29/2025, 10:19:39 AM [32m    LOG[39m [38;5;3m[RouterExplorer] [39m[32mMapped {/cart, GET} route[39m[38;5;3m +0ms[39m
[32m[Nest] 12040  - [39m12/29/2025, 10:19:39 AM [32m    LOG[39m [38;5;3m[RouterExplorer] [39m[32mMapped {/cart/add, POST} route[39m[38;5;3m +0ms[39m
[32m[Nest] 12040  - [39m12/29/2025, 10:19:39 AM [32m    LOG[39m [38;5;3m[RouterExplorer] [39m[32mMapped {/cart/update/:id, PATCH} route[39m[38;5;3m +0ms[39m
[32m[Nest] 12040  - [39m12/29/2025, 10:19:39 AM [32m    LOG[39m [38;5;3m[RouterExplorer] [39m[32mMapped {/cart/remove/:id, DELETE} route[39m[38;5;3m +0ms[39m
[32m[Nest] 12040  - [39m12/29/2025, 10:19:39 AM [32m    LOG[39m [38;5;3m[RouterExplorer] [39m[32mMapped {/cart/clear, DELETE} route[39m[38;5;3m +1ms[39m
[32m[Nest] 12040  - [39m12/29/2025, 10:19:39 AM [32m    LOG[39m [38;5;3m[RouterExplorer] [39m[32mMapped {/cart/admin/:userId, GET} route[39m[38;5;3m +0ms[39m
[32m[Nest] 12040  - [39m12/29/2025, 10:19:39 AM [32m    LOG[39m [38;5;3m[RouterExplorer] [39m[32mMapped {/cart/admin/:userId, DELETE} route[39m[38;5;3m +0ms[39m
[32m[Nest] 12040  - [39m12/29/2025, 10:19:39 AM [32m    LOG[39m [38;5;3m[RoutesResolver] [39m[32mOrdersController {/orders}:[39m[38;5;3m +0ms[39m
[32m[Nest] 12040  - [39m12/29/2025, 10:19:39 AM [32m    LOG[39m [38;5;3m[RouterExplorer] [39m[32mMapped {/orders, POST} route[39m[38;5;3m +0ms[39m
[32m[Nest] 12040  - [39m12/29/2025, 10:19:39 AM [32m    LOG[39m [38;5;3m[RouterExplorer] [39m[32mMapped {/orders/my, GET} route[39m[38;5;3m +0ms[39m
[32m[Nest] 12040  - [39m12/29/2025, 10:19:39 AM [32m    LOG[39m [38;5;3m[RouterExplorer] [39m[32mMapped {/orders, GET} route[39m[38;5;3m +0ms[39m
[32m[Nest] 12040  - [39m12/29/2025, 10:19:39 AM [32m    LOG[39m [38;5;3m[RouterExplorer] [39m[32mMapped {/orders/seller, GET} route[39m[38;5;3m +0ms[39m
[32m[Nest] 12040  - [39m12/29/2025, 10:19:39 AM [32m    LOG[39m [38;5;3m[RouterExplorer] [39m[32mMapped {/orders/product/:productId, GET} route[39m[38;5;3m +1ms[39m
[32m[Nest] 12040  - [39m12/29/2025, 10:19:39 AM [32m    LOG[39m [38;5;3m[RouterExplorer] [39m[32mMapped {/orders/:id/accept, PATCH} route[39m[38;5;3m +0ms[39m
[32m[Nest] 12040  - [39m12/29/2025, 10:19:39 AM [32m    LOG[39m [38;5;3m[RouterExplorer] [39m[32mMapped {/orders/:id/cancel, PATCH} route[39m[38;5;3m +0ms[39m
[32m[Nest] 12040  - [39m12/29/2025, 10:19:39 AM [32m    LOG[39m [38;5;3m[RouterExplorer] [39m[32mMapped {/orders/:id/status, PATCH} route[39m[38;5;3m +0ms[39m
[32m[Nest] 12040  - [39m12/29/2025, 10:19:39 AM [32m    LOG[39m [38;5;3m[RouterExplorer] [39m[32mMapped {/orders/:id, GET} route[39m[38;5;3m +0ms[39m
[32m[Nest] 12040  - [39m12/29/2025, 10:19:39 AM [32m    LOG[39m [38;5;3m[RoutesResolver] [39m[32mCouponsController {/coupons}:[39m[38;5;3m +0ms[39m
[32m[Nest] 12040  - [39m12/29/2025, 10:19:39 AM [32m    LOG[39m [38;5;3m[RouterExplorer] [39m[32mMapped {/coupons, POST} route[39m[38;5;3m +0ms[39m
[32m[Nest] 12040  - [39m12/29/2025, 10:19:39 AM [32m    LOG[39m [38;5;3m[RouterExplorer] [39m[32mMapped {/coupons, GET} route[39m[38;5;3m +0ms[39m
[32m[Nest] 12040  - [39m12/29/2025, 10:19:39 AM [32m    LOG[39m [38;5;3m[RouterExplorer] [39m[32mMapped {/coupons/active, GET} route[39m[38;5;3m +0ms[39m
[32m[Nest] 12040  - [39m12/29/2025, 10:19:39 AM [32m    LOG[39m [38;5;3m[RouterExplorer] [39m[32mMapped {/coupons/my-coupons, GET} route[39m[38;5;3m +1ms[39m
[32m[Nest] 12040  - [39m12/29/2025, 10:19:39 AM [32m    LOG[39m [38;5;3m[RouterExplorer] [39m[32mMapped {/coupons/:id, GET} route[39m[38;5;3m +0ms[39m
[32m[Nest] 12040  - [39m12/29/2025, 10:19:39 AM [32m    LOG[39m [38;5;3m[RouterExplorer] [39m[32mMapped {/coupons/code/:code, GET} route[39m[38;5;3m +0ms[39m
[32m[Nest] 12040  - [39m12/29/2025, 10:19:39 AM [32m    LOG[39m [38;5;3m[RouterExplorer] [39m[32mMapped {/coupons/:id/stats, GET} route[39m[38;5;3m +0ms[39m
[32m[Nest] 12040  - [39m12/29/2025, 10:19:39 AM [32m    LOG[39m [38;5;3m[RouterExplorer] [39m[32mMapped {/coupons/validate, POST} route[39m[38;5;3m +0ms[39m
[32m[Nest] 12040  - [39m12/29/2025, 10:19:39 AM [32m    LOG[39m [38;5;3m[RouterExplorer] [39m[32mMapped {/coupons/:id, PATCH} route[39m[38;5;3m +0ms[39m
[32m[Nest] 12040  - [39m12/29/2025, 10:19:39 AM [32m    LOG[39m [38;5;3m[RouterExplorer] [39m[32mMapped {/coupons/:id, DELETE} route[39m[38;5;3m +0ms[39m
[32m[Nest] 12040  - [39m12/29/2025, 10:19:39 AM [32m    LOG[39m [38;5;3m[RoutesResolver] [39m[32mPaymentsController {/payments}:[39m[38;5;3m +0ms[39m
[32m[Nest] 12040  - [39m12/29/2025, 10:19:39 AM [32m    LOG[39m [38;5;3m[RouterExplorer] [39m[32mMapped {/payments/initiate, POST} route[39m[38;5;3m +0ms[39m
[32m[Nest] 12040  - [39m12/29/2025, 10:19:39 AM [32m    LOG[39m [38;5;3m[RouterExplorer] [39m[32mMapped {/payments/verify, POST} route[39m[38;5;3m +1ms[39m
[32m[Nest] 12040  - [39m12/29/2025, 10:19:39 AM [32m    LOG[39m [38;5;3m[RouterExplorer] [39m[32mMapped {/payments/order/:id, GET} route[39m[38;5;3m +0ms[39m
[32m[Nest] 12040  - [39m12/29/2025, 10:19:39 AM [32m    LOG[39m [38;5;3m[RoutesResolver] [39m[32mAddressController {/address}:[39m[38;5;3m +0ms[39m
[32m[Nest] 12040  - [39m12/29/2025, 10:19:39 AM [32m    LOG[39m [38;5;3m[RouterExplorer] [39m[32mMapped {/address/my, GET} route[39m[38;5;3m +0ms[39m
[32m[Nest] 12040  - [39m12/29/2025, 10:19:39 AM [32m    LOG[39m [38;5;3m[RouterExplorer] [39m[32mMapped {/address, POST} route[39m[38;5;3m +0ms[39m
[32m[Nest] 12040  - [39m12/29/2025, 10:19:39 AM [32m    LOG[39m [38;5;3m[RouterExplorer] [39m[32mMapped {/address/:id, PATCH} route[39m[38;5;3m +0ms[39m
[32m[Nest] 12040  - [39m12/29/2025, 10:19:39 AM [32m    LOG[39m [38;5;3m[RouterExplorer] [39m[32mMapped {/address/:id, DELETE} route[39m[38;5;3m +0ms[39m
[32m[Nest] 12040  - [39m12/29/2025, 10:19:39 AM [32m    LOG[39m [38;5;3m[RoutesResolver] [39m[32mReviewsController {/reviews}:[39m[38;5;3m +0ms[39m
[32m[Nest] 12040  - [39m12/29/2025, 10:19:39 AM [32m    LOG[39m [38;5;3m[RouterExplorer] [39m[32mMapped {/reviews, POST} route[39m[38;5;3m +0ms[39m
[32m[Nest] 12040  - [39m12/29/2025, 10:19:39 AM [32m    LOG[39m [38;5;3m[RouterExplorer] [39m[32mMapped {/reviews/product/:id, GET} route[39m[38;5;3m +0ms[39m
[32m[Nest] 12040  - [39m12/29/2025, 10:19:39 AM [32m    LOG[39m [38;5;3m[RouterExplorer] [39m[32mMapped {/reviews/:id, DELETE} route[39m[38;5;3m +1ms[39m
[32m[Nest] 12040  - [39m12/29/2025, 10:19:39 AM [32m    LOG[39m [38;5;3m[RoutesResolver] [39m[32mAdminController {/admin}:[39m[38;5;3m +0ms[39m
[32m[Nest] 12040  - [39m12/29/2025, 10:19:39 AM [32m    LOG[39m [38;5;3m[RouterExplorer] [39m[32mMapped {/admin/dashboard, GET} route[39m[38;5;3m +0ms[39m
[32m[Nest] 12040  - [39m12/29/2025, 10:19:39 AM [32m    LOG[39m [38;5;3m[RoutesResolver] [39m[32mAnalyticsController {/analytics}:[39m[38;5;3m +0ms[39m
[32m[Nest] 12040  - [39m12/29/2025, 10:19:39 AM [32m    LOG[39m [38;5;3m[RouterExplorer] [39m[32mMapped {/analytics/dashboard, GET} route[39m[38;5;3m +0ms[39m
[32m[Nest] 12040  - [39m12/29/2025, 10:19:39 AM [32m    LOG[39m [38;5;3m[RouterExplorer] [39m[32mMapped {/analytics/sales-report, GET} route[39m[38;5;3m +0ms[39m
[32m[Nest] 12040  - [39m12/29/2025, 10:19:39 AM [32m    LOG[39m [38;5;3m[RouterExplorer] [39m[32mMapped {/analytics/customer-insights, GET} route[39m[38;5;3m +0ms[39m
[32m[Nest] 12040  - [39m12/29/2025, 10:19:39 AM [32m    LOG[39m [38;5;3m[RouterExplorer] [39m[32mMapped {/analytics/product/:id, GET} route[39m[38;5;3m +0ms[39m
[32m[Nest] 12040  - [39m12/29/2025, 10:19:39 AM [32m    LOG[39m [38;5;3m[RoutesResolver] [39m[32mWishlistController {/wishlist}:[39m[38;5;3m +0ms[39m
[32m[Nest] 12040  - [39m12/29/2025, 10:19:39 AM [32m    LOG[39m [38;5;3m[RouterExplorer] [39m[32mMapped {/wishlist, GET} route[39m[38;5;3m +0ms[39m
[32m[Nest] 12040  - [39m12/29/2025, 10:19:39 AM [32m    LOG[39m [38;5;3m[RouterExplorer] [39m[32mMapped {/wishlist, POST} route[39m[38;5;3m +1ms[39m
[32m[Nest] 12040  - [39m12/29/2025, 10:19:39 AM [32m    LOG[39m [38;5;3m[RouterExplorer] [39m[32mMapped {/wishlist/share/:token, GET} route[39m[38;5;3m +0ms[39m
[32m[Nest] 12040  - [39m12/29/2025, 10:19:39 AM [32m    LOG[39m [38;5;3m[RouterExplorer] [39m[32mMapped {/wishlist/shared/toggle-bought, POST} route[39m[38;5;3m +0ms[39m
[32m[Nest] 12040  - [39m12/29/2025, 10:19:39 AM [32m    LOG[39m [38;5;3m[RouterExplorer] [39m[32mMapped {/wishlist/:id, GET} route[39m[38;5;3m +0ms[39m
[32m[Nest] 12040  - [39m12/29/2025, 10:19:39 AM [32m    LOG[39m [38;5;3m[RouterExplorer] [39m[32mMapped {/wishlist/:id/privacy, PATCH} route[39m[38;5;3m +0ms[39m
[32m[Nest] 12040  - [39m12/29/2025, 10:19:39 AM [32m    LOG[39m [38;5;3m[RouterExplorer] [39m[32mMapped {/wishlist/add/:productId, POST} route[39m[38;5;3m +0ms[39m
[32m[Nest] 12040  - [39m12/29/2025, 10:19:39 AM [32m    LOG[39m [38;5;3m[RouterExplorer] [39m[32mMapped {/wishlist/remove/:productId, DELETE} route[39m[38;5;3m +0ms[39m
[32m[Nest] 12040  - [39m12/29/2025, 10:19:39 AM [32m    LOG[39m [38;5;3m[RouterExplorer] [39m[32mMapped {/wishlist/:id, DELETE} route[39m[38;5;3m +0ms[39m
[32m[Nest] 12040  - [39m12/29/2025, 10:19:39 AM [32m    LOG[39m [38;5;3m[RouterExplorer] [39m[32mMapped {/wishlist/:id, PATCH} route[39m[38;5;3m +1ms[39m
[32m[Nest] 12040  - [39m12/29/2025, 10:19:39 AM [32m    LOG[39m [38;5;3m[RoutesResolver] [39m[32mRecommendationsController {/recommendations}:[39m[38;5;3m +0ms[39m
[32m[Nest] 12040  - [39m12/29/2025, 10:19:39 AM [32m    LOG[39m [38;5;3m[RouterExplorer] [39m[32mMapped {/recommendations/products/:id, GET} route[39m[38;5;3m +0ms[39m
[32m[Nest] 12040  - [39m12/29/2025, 10:19:39 AM [32m    LOG[39m [38;5;3m[RoutesResolver] [39m[32mChatbotController {/chatbot}:[39m[38;5;3m +0ms[39m
[32m[Nest] 12040  - [39m12/29/2025, 10:19:39 AM [32m    LOG[39m [38;5;3m[RouterExplorer] [39m[32mMapped {/chatbot/message, POST} route[39m[38;5;3m +0ms[39m
[32m[Nest] 12040  - [39m12/29/2025, 10:19:39 AM [32m    LOG[39m [38;5;3m[RoutesResolver] [39m[32mQuestionsController {/questions}:[39m[38;5;3m +0ms[39m
[32m[Nest] 12040  - [39m12/29/2025, 10:19:39 AM [32m    LOG[39m [38;5;3m[RouterExplorer] [39m[32mMapped {/questions, POST} route[39m[38;5;3m +0ms[39m
[32m[Nest] 12040  - [39m12/29/2025, 10:19:39 AM [32m    LOG[39m [38;5;3m[RouterExplorer] [39m[32mMapped {/questions/product/:productId, GET} route[39m[38;5;3m +0ms[39m
[32m[Nest] 12040  - [39m12/29/2025, 10:19:39 AM [32m    LOG[39m [38;5;3m[RouterExplorer] [39m[32mMapped {/questions/:id/answer, POST} route[39m[38;5;3m +0ms[39m
[32m[Nest] 12040  - [39m12/29/2025, 10:19:39 AM [32m    LOG[39m [38;5;3m[RouterExplorer] [39m[32mMapped {/questions/:id/upvote, PATCH} route[39m[38;5;3m +1ms[39m
[32m[Nest] 12040  - [39m12/29/2025, 10:19:39 AM [32m    LOG[39m [38;5;3m[RoutesResolver] [39m[32mGamificationController {/gamification}:[39m[38;5;3m +0ms[39m
[32m[Nest] 12040  - [39m12/29/2025, 10:19:39 AM [32m    LOG[39m [38;5;3m[RouterExplorer] [39m[32mMapped {/gamification/profile, GET} route[39m[38;5;3m +0ms[39m
[32m[Nest] 12040  - [39m12/29/2025, 10:19:39 AM [32m    LOG[39m [38;5;3m[RouterExplorer] [39m[32mMapped {/gamification/check-in, POST} route[39m[38;5;3m +0ms[39m
[32m[Nest] 12040  - [39m12/29/2025, 10:19:39 AM [32m    LOG[39m [38;5;3m[RouterExplorer] [39m[32mMapped {/gamification/spin, POST} route[39m[38;5;3m +0ms[39m
[32m[Nest] 12040  - [39m12/29/2025, 10:19:39 AM [32m    LOG[39m [38;5;3m[RouterExplorer] [39m[32mMapped {/gamification/spin-config, GET} route[39m[38;5;3m +0ms[39m
[32m[Nest] 12040  - [39m12/29/2025, 10:19:39 AM [32m    LOG[39m [38;5;3m[RouterExplorer] [39m[32mMapped {/gamification/reset-spin, POST} route[39m[38;5;3m +0ms[39m
[32m[Nest] 12040  - [39m12/29/2025, 10:19:39 AM [32m    LOG[39m [38;5;3m[RouterExplorer] [39m[32mMapped {/gamification/scratch, POST} route[39m[38;5;3m +1ms[39m
[32m[Nest] 12040  - [39m12/29/2025, 10:19:39 AM [32m    LOG[39m [38;5;3m[RouterExplorer] [39m[32mMapped {/gamification/leaderboard, GET} route[39m[38;5;3m +0ms[39m
[32m[Nest] 12040  - [39m12/29/2025, 10:19:39 AM [32m    LOG[39m [38;5;3m[RouterExplorer] [39m[32mMapped {/gamification/activities, GET} route[39m[38;5;3m +0ms[39m
[32m[Nest] 12040  - [39m12/29/2025, 10:19:39 AM [32m    LOG[39m [38;5;3m[NestApplication] [39m[32mNest application successfully started[39m[38;5;3m +30ms[39m
🚀 Application is running on: http://localhost:3000
📁 Static files served from: /uploads/
[95m[Nest] 12040  - [39m12/29/2025, 10:20:57 AM [95m  DEBUG[39m [38;5;3m[SocialProofGateway] [39m[95mClient connected: UD7sOLRNEPM5PIdgAAAB[39m
[32m[Nest] 12040  - [39m12/29/2025, 10:20:57 AM [32m    LOG[39m [38;5;3m[CoBrowsingGateway] [39m[32mClient connected: vv06amEiBxhDyW0EAAAC[39m
[95m[Nest] 12040  - [39m12/29/2025, 10:20:57 AM [95m  DEBUG[39m [38;5;3m[TransFormInterceptor] [39m[95m[GET] /products?limit=4&sortBy=rating&sortOrder=desc completed in 59ms[39m
[31m[Nest] 12040  - [39m12/29/2025, 10:20:58 AM [31m  ERROR[39m [38;5;3m[HttpExceptionFilter] [39m[31m[GET] /placeholder.svg - Status: 404[39m
Cannot GET /placeholder.svg
[95m[Nest] 12040  - [39m12/29/2025, 10:21:02 AM [95m  DEBUG[39m [38;5;3m[MailService] [39m[95mSending OTP to naman@gmail.com[39m
[32m[Nest] 12040  - [39m12/29/2025, 10:21:02 AM [32m    LOG[39m [38;5;3m[AuthService] [39m[32mOTP generated for naman@gmail.com[39m
[95m[Nest] 12040  - [39m12/29/2025, 10:21:02 AM [95m  DEBUG[39m [38;5;3m[TransFormInterceptor] [39m[95m[POST] /auth/forgot-password completed in 44ms[39m
[31m[Nest] 12040  - [39m12/29/2025, 10:21:04 AM [31m  ERROR[39m [38;5;3m[MailService] [39m[31mFailed to send OTP: Invalid login: 535-5.7.8 Username and Password not accepted. For more information, go to
535 5.7.8  https://support.google.com/mail/?p=BadCredentials d2e1a72fcca58-7ff7e48e1d6sm25268488b3a.53 - gsmtp[39m
Error: Invalid login: 535-5.7.8 Username and Password not accepted. For more information, go to
535 5.7.8  https://support.google.com/mail/?p=BadCredentials d2e1a72fcca58-7ff7e48e1d6sm25268488b3a.53 - gsmtp
    at SMTPConnection._formatError (/home/inextrix/Documents/VoxMarket/backend/node_modules/nodemailer/lib/smtp-connection/index.js:809:19)
    at SMTPConnection._actionAUTHComplete (/home/inextrix/Documents/VoxMarket/backend/node_modules/nodemailer/lib/smtp-connection/index.js:1617:34)
    at SMTPConnection.<anonymous> (/home/inextrix/Documents/VoxMarket/backend/node_modules/nodemailer/lib/smtp-connection/index.js:556:26)
    at SMTPConnection._processResponse (/home/inextrix/Documents/VoxMarket/backend/node_modules/nodemailer/lib/smtp-connection/index.js:993:20)
    at SMTPConnection._onData (/home/inextrix/Documents/VoxMarket/backend/node_modules/nodemailer/lib/smtp-connection/index.js:774:14)
    at SMTPConnection._onSocketData (/home/inextrix/Documents/VoxMarket/backend/node_modules/nodemailer/lib/smtp-connection/index.js:195:44)
    at TLSSocket.emit (node:events:524:28)
    at addChunk (node:internal/streams/readable:561:12)
    at readableAddChunkPushByteMode (node:internal/streams/readable:512:3)
    at Readable.push (node:internal/streams/readable:392:5)
[31m[Nest] 12040  - [39m12/29/2025, 10:21:04 AM [31m  ERROR[39m [38;5;3m[AuthService] [39m[31mFailed to send OTP email to naman@gmail.com: Invalid login: 535-5.7.8 Username and Password not accepted. For more information, go to
535 5.7.8  https://support.google.com/mail/?p=BadCredentials d2e1a72fcca58-7ff7e48e1d6sm25268488b3a.53 - gsmtp[39m
[95m[Nest] 12040  - [39m12/29/2025, 10:21:04 AM [95m  DEBUG[39m [38;5;3m[SocialProofGateway] [39m[95mClient disconnected: UD7sOLRNEPM5PIdgAAAB[39m
[32m[Nest] 12040  - [39m12/29/2025, 10:21:04 AM [32m    LOG[39m [38;5;3m[CoBrowsingGateway] [39m[32mClient disconnected: vv06amEiBxhDyW0EAAAC[39m
